RainbowAdventureGame/Library/Bee/Android/Prj/Mono2x/Gradle/launcher/build/outputs/logs/manifest-merger-release-report.txt
-- Merging decision tree log ---
manifest
ADDED from src\main\AndroidManifest.xml:2:1-5:12
INJECTED from src\main\AndroidManifest.xml:2:1-5:12
INJECTED from src\main\AndroidManifest.xml:2:1-5:12
INJECTED from src\main\AndroidManifest.xml:2:1-5:12
MERGED from [:unityLibrary] AndroidManifest.xml:2:1-84:12
INJECTED from src\main\AndroidManifest.xml:2:1-5:12
INJECTED from src\main\AndroidManifest.xml:2:1-5:12
INJECTED from src\main\AndroidManifest.xml:2:1-5:12
	package
		ADDED from src\main\AndroidManifest.xml:2:70-107
		INJECTED from src\main\AndroidManifest.xml
		INJECTED from src\main\AndroidManifest.xml
	android:versionName
		INJECTED from src\main\AndroidManifest.xml
		ADDED from src\main\AndroidManifest.xml:2:1-5:12
		INJECTED from src\main\AndroidManifest.xml
	xmlns:tools
		ADDED from src\main\AndroidManifest.xml:2:108-154
	android:versionCode
		INJECTED from src\main\AndroidManifest.xml
		ADDED from src\main\AndroidManifest.xml:2:1-5:12
		INJECTED from src\main\AndroidManifest.xml
	xmlns:android
		ADDED from src\main\AndroidManifest.xml:2:11-69
	android:installLocation
		ADDED from src\main\AndroidManifest.xml:2:155-195
supports-screens
ADDED from src\main\AndroidManifest.xml:3:3-163
	android:largeScreens
		ADDED from src\main\AndroidManifest.xml:3:78-105
	android:smallScreens
		ADDED from src\main\AndroidManifest.xml:3:21-48
	android:normalScreens
		ADDED from src\main\AndroidManifest.xml:3:49-77
	android:xlargeScreens
		ADDED from src\main\AndroidManifest.xml:3:106-134
	android:anyDensity
		ADDED from src\main\AndroidManifest.xml:3:135-160
application
ADDED from src\main\AndroidManifest.xml:4:3-126
MERGED from [:unityLibrary] AndroidManifest.xml:28:5-82:19
MERGED from [:unityLibrary] AndroidManifest.xml:28:5-82:19
	android:extractNativeLibs
		ADDED from [:unityLibrary] AndroidManifest.xml:28:18-50
	android:label
		ADDED from src\main\AndroidManifest.xml:4:16-48
	android:roundIcon
		ADDED from src\main\AndroidManifest.xml:4:81-123
	android:icon
		ADDED from src\main\AndroidManifest.xml:4:49-80
uses-sdk
INJECTED from src\main\AndroidManifest.xml reason: use-sdk injection requested
INJECTED from src\main\AndroidManifest.xml
INJECTED from src\main\AndroidManifest.xml
MERGED from [:unityLibrary] AndroidManifest.xml:8:5-10:41
MERGED from [:unityLibrary] AndroidManifest.xml:8:5-10:41
INJECTED from src\main\AndroidManifest.xml
INJECTED from src\main\AndroidManifest.xml
	android:targetSdkVersion
		INJECTED from src\main\AndroidManifest.xml
		ADDED from src\main\AndroidManifest.xml
		INJECTED from src\main\AndroidManifest.xml
	android:minSdkVersion
		INJECTED from src\main\AndroidManifest.xml
		ADDED from src\main\AndroidManifest.xml
		INJECTED from src\main\AndroidManifest.xml
uses-feature#0x00030000
ADDED from [:unityLibrary] AndroidManifest.xml:12:5-54
	android:glEsVersion
		ADDED from [:unityLibrary] AndroidManifest.xml:12:19-51
uses-feature#android.hardware.vulkan.version
ADDED from [:unityLibrary] AndroidManifest.xml:13:5-15:36
	android:required
		ADDED from [:unityLibrary] AndroidManifest.xml:15:9-33
	android:name
		ADDED from [:unityLibrary] AndroidManifest.xml:14:9-55
uses-feature#android.hardware.touchscreen
ADDED from [:unityLibrary] AndroidManifest.xml:16:5-18:36
	android:required
		ADDED from [:unityLibrary] AndroidManifest.xml:18:9-33
	android:name
		ADDED from [:unityLibrary] AndroidManifest.xml:17:9-52
uses-feature#android.hardware.touchscreen.multitouch
ADDED from [:unityLibrary] AndroidManifest.xml:19:5-21:36
	android:required
		ADDED from [:unityLibrary] AndroidManifest.xml:21:9-33
	android:name
		ADDED from [:unityLibrary] AndroidManifest.xml:20:9-63
uses-feature#android.hardware.touchscreen.multitouch.distinct
ADDED from [:unityLibrary] AndroidManifest.xml:22:5-24:36
	android:required
		ADDED from [:unityLibrary] AndroidManifest.xml:24:9-33
	android:name
		ADDED from [:unityLibrary] AndroidManifest.xml:23:9-72
uses-permission#android.permission.POST_NOTIFICATIONS
ADDED from [:unityLibrary] AndroidManifest.xml:26:5-77
	android:name
		ADDED from [:unityLibrary] AndroidManifest.xml:26:22-74
activity#com.unity3d.player.UnityPlayerActivity
ADDED from [:unityLibrary] AndroidManifest.xml:29:9-49:20
	android:screenOrientation
		ADDED from [:unityLibrary] AndroidManifest.xml:35:13-49
	android:launchMode
		ADDED from [:unityLibrary] AndroidManifest.xml:33:13-44
	android:hardwareAccelerated
		ADDED from [:unityLibrary] AndroidManifest.xml:32:13-48
	android:resizeableActivity
		ADDED from [:unityLibrary] AndroidManifest.xml:34:13-47
	android:configChanges
		ADDED from [:unityLibrary] AndroidManifest.xml:31:13-194
	android:theme
		ADDED from [:unityLibrary] AndroidManifest.xml:36:13-54
	android:name
		ADDED from [:unityLibrary] AndroidManifest.xml:30:13-66
intent-filter#action:name:android.intent.action.MAIN+category:name:android.intent.category.LAUNCHER
ADDED from [:unityLibrary] AndroidManifest.xml:37:13-41:29
action#android.intent.action.MAIN
ADDED from [:unityLibrary] AndroidManifest.xml:38:17-69
	android:name
		ADDED from [:unityLibrary] AndroidManifest.xml:38:25-66
category#android.intent.category.LAUNCHER
ADDED from [:unityLibrary] AndroidManifest.xml:40:17-77
	android:name
		ADDED from [:unityLibrary] AndroidManifest.xml:40:27-74
meta-data#unityplayer.UnityActivity
ADDED from [:unityLibrary] AndroidManifest.xml:43:13-45:40
	android:value
		ADDED from [:unityLibrary] AndroidManifest.xml:45:17-37
	android:name
		ADDED from [:unityLibrary] AndroidManifest.xml:44:17-57
meta-data#android.notch_support
ADDED from [:unityLibrary] AndroidManifest.xml:46:13-48:40
	android:value
		ADDED from [:unityLibrary] AndroidManifest.xml:48:17-37
	android:name
		ADDED from [:unityLibrary] AndroidManifest.xml:47:17-53
meta-data#unity.splash-mode
ADDED from [:unityLibrary] AndroidManifest.xml:51:9-53:33
	android:value
		ADDED from [:unityLibrary] AndroidManifest.xml:53:13-30
	android:name
		ADDED from [:unityLibrary] AndroidManifest.xml:52:13-45
meta-data#unity.splash-enable
ADDED from [:unityLibrary] AndroidManifest.xml:54:9-56:36
	android:value
		ADDED from [:unityLibrary] AndroidManifest.xml:56:13-33
	android:name
		ADDED from [:unityLibrary] AndroidManifest.xml:55:13-47
meta-data#unity.launch-fullscreen
ADDED from [:unityLibrary] AndroidManifest.xml:57:9-59:36
	android:value
		ADDED from [:unityLibrary] AndroidManifest.xml:59:13-33
	android:name
		ADDED from [:unityLibrary] AndroidManifest.xml:58:13-51
meta-data#unity.allow-resizable-window
ADDED from [:unityLibrary] AndroidManifest.xml:60:9-62:37
	android:value
		ADDED from [:unityLibrary] AndroidManifest.xml:62:13-34
	android:name
		ADDED from [:unityLibrary] AndroidManifest.xml:61:13-56
meta-data#notch.config
ADDED from [:unityLibrary] AndroidManifest.xml:63:9-65:50
	android:value
		ADDED from [:unityLibrary] AndroidManifest.xml:65:13-47
	android:name
		ADDED from [:unityLibrary] AndroidManifest.xml:64:13-40
receiver#com.unity.androidnotifications.UnityNotificationManager
ADDED from [:unityLibrary] AndroidManifest.xml:67:9-69:40
	android:exported
		ADDED from [:unityLibrary] AndroidManifest.xml:69:13-37
	android:name
		ADDED from [:unityLibrary] AndroidManifest.xml:68:13-83
receiver#com.unity.androidnotifications.UnityNotificationRestartOnBootReceiver
ADDED from [:unityLibrary] AndroidManifest.xml:70:9-77:20
	android:enabled
		ADDED from [:unityLibrary] AndroidManifest.xml:72:13-36
	android:exported
		ADDED from [:unityLibrary] AndroidManifest.xml:73:13-37
	android:name
		ADDED from [:unityLibrary] AndroidManifest.xml:71:13-97
intent-filter#action:name:android.intent.action.BOOT_COMPLETED
ADDED from [:unityLibrary] AndroidManifest.xml:74:13-76:29
action#android.intent.action.BOOT_COMPLETED
ADDED from [:unityLibrary] AndroidManifest.xml:75:17-79
	android:name
		ADDED from [:unityLibrary] AndroidManifest.xml:75:25-76
meta-data#com.unity.androidnotifications.exact_scheduling
ADDED from [:unityLibrary] AndroidManifest.xml:79:9-81:33
	android:value
		ADDED from [:unityLibrary] AndroidManifest.xml:81:13-30
	android:name
		ADDED from [:unityLibrary] AndroidManifest.xml:80:13-75